<?xml version="1.0" encoding="UTF-8"?>
<testng-results ignored="0" total="2" passed="2" failed="0" skipped="0">
  <reporter-output>
  </reporter-output>
  <suite started-at="2024-09-12T16:16:58 IST" name="Suite" finished-at="2024-09-12T16:17:24 IST" duration-ms="25963">
    <groups>
    </groups>
    <test started-at="2024-09-12T16:16:58 IST" name="ChromeTest" finished-at="2024-09-12T16:17:10 IST" duration-ms="11996">
      <class name="log4jDemo.CrossBrowsingTestingAndStoreLogsInFile">
        <test-method is-config="true" signature="launchBrowser(java.lang.String)[pri:0, instance:log4jDemo.CrossBrowsingTestingAndStoreLogsInFile@76c3e77a]" started-at="2024-09-12T16:16:58 IST" name="launchBrowser" finished-at="2024-09-12T16:16:59 IST" duration-ms="1632" status="PASS">
          <params>
            <param index="0">
              <value>
                <![CDATA[chrome]]>
              </value>
            </param>
          </params>
          <reporter-output>
          </reporter-output>
        </test-method> <!-- launchBrowser -->
        <test-method signature="Login()[pri:0, instance:log4jDemo.CrossBrowsingTestingAndStoreLogsInFile@76c3e77a]" started-at="2024-09-12T16:16:59 IST" name="Login" finished-at="2024-09-12T16:17:06 IST" duration-ms="6226" status="PASS">
          <reporter-output>
          </reporter-output>
        </test-method> <!-- Login -->
        <test-method is-config="true" signature="logout()[pri:0, instance:log4jDemo.CrossBrowsingTestingAndStoreLogsInFile@76c3e77a]" started-at="2024-09-12T16:17:06 IST" name="logout" finished-at="2024-09-12T16:17:10 IST" duration-ms="4101" status="PASS">
          <reporter-output>
          </reporter-output>
        </test-method> <!-- logout -->
      </class> <!-- log4jDemo.CrossBrowsingTestingAndStoreLogsInFile -->
    </test> <!-- ChromeTest -->
    <test started-at="2024-09-12T16:17:10 IST" name="FirefoxTest" finished-at="2024-09-12T16:17:24 IST" duration-ms="13927">
      <class name="log4jDemo.CrossBrowsingTestingAndStoreLogsInFile">
        <test-method is-config="true" signature="launchBrowser(java.lang.String)[pri:0, instance:log4jDemo.CrossBrowsingTestingAndStoreLogsInFile@49049a04]" started-at="2024-09-12T16:17:10 IST" name="launchBrowser" finished-at="2024-09-12T16:17:13 IST" duration-ms="2902" status="PASS">
          <params>
            <param index="0">
              <value>
                <![CDATA[firefox]]>
              </value>
            </param>
          </params>
          <reporter-output>
          </reporter-output>
        </test-method> <!-- launchBrowser -->
        <test-method signature="Login()[pri:0, instance:log4jDemo.CrossBrowsingTestingAndStoreLogsInFile@49049a04]" started-at="2024-09-12T16:17:13 IST" name="Login" finished-at="2024-09-12T16:17:19 IST" duration-ms="6499" status="PASS">
          <reporter-output>
          </reporter-output>
        </test-method> <!-- Login -->
        <test-method is-config="true" signature="logout()[pri:0, instance:log4jDemo.CrossBrowsingTestingAndStoreLogsInFile@49049a04]" started-at="2024-09-12T16:17:19 IST" name="logout" finished-at="2024-09-12T16:17:24 IST" duration-ms="4523" status="PASS">
          <reporter-output>
          </reporter-output>
        </test-method> <!-- logout -->
      </class> <!-- log4jDemo.CrossBrowsingTestingAndStoreLogsInFile -->
    </test> <!-- FirefoxTest -->
  </suite> <!-- Suite -->
</testng-results>
